-------------------- Log Start | Wed Dec 27 00:43:16 2023 --------------------
data_path: /home/pi/printer_data
is_default_data_path: False
config_file: /home/pi/printer_data/config/moonraker.conf
startup_warnings: []
verbose: False
debug: False
asyncio_debug: False
is_backup_config: False
is_python_package: False
instance_uuid: cb39e7ae7c2a46c4be0d71bc030b893a
unix_socket_path: /home/pi/printer_data/comms/moonraker.sock
software_version: v0.8.0-209-g4235789
git_branch: master
git_remote: origin
git_repo_url: https://github.com/Arksine/moonraker.git
modified_files: []
unofficial_components: []
log_file: /home/pi/printer_data/logs/moonraker.log
python_version: 3.9.2 (default, Mar 12 2021, 04:06:34)  [GCC 10.2.1 20210110]
msgspec_enabled: False
uvloop_enabled: False

#################### Moonraker Configuration ####################

[server]
host = 0.0.0.0
port = 7125
klippy_uds_address = /home/pi/printer_data/comms/klippy.sock

[authorization]
trusted_clients = 
	10.0.0.0/8
	127.0.0.0/8
	169.254.0.0/16
	172.16.0.0/12
	192.168.0.0/16
	FE80::/10
	::1/128
cors_domains = 
	*.lan
	*.local
	*://localhost
	*://localhost:*
	*://my.mainsail.xyz
	*://app.fluidd.xyz

[file_manager]
enable_object_processing = True

[octoprint_compat]

[history]

[update_manager]
channel = dev
refresh_interval = 168

[update_manager mainsail-config]
type = git_repo
primary_branch = master
path = ~/mainsail-config
origin = https://github.com/mainsail-crew/mainsail-config.git
managed_services = klipper

[update_manager mainsail]
type = web
channel = stable
repo = mainsail-crew/mainsail
path = ~/mainsail

[update_manager octoeverywhere]
type = git_repo
channel = beta
path = /home/pi/octoeverywhere
origin = https://github.com/QuinnDamerell/OctoPrint-OctoEverywhere.git
env = /home/pi/octoeverywhere-env/bin/python
requirements = requirements.txt
install_script = install.sh
managed_services = 
	octoeverywhere

[announcements]
subscriptions = 
	octoeverywhere

[update_manager crowsnest]
type = git_repo
path = ~/crowsnest
origin = https://github.com/mainsail-crew/crowsnest.git
managed_services = crowsnest
install_script = tools/pkglist.sh

[update_manager Klipper-Adaptive-Meshing-Purging]
type = git_repo
channel = dev
path = ~/Klipper-Adaptive-Meshing-Purging
origin = https://github.com/kyleisah/Klipper-Adaptive-Meshing-Purging.git
managed_services = klipper
primary_branch = main

#################################################################
All Configuration Files:
/home/pi/printer_data/config/moonraker.conf
/home/pi/printer_data/config/octoeverywhere-system.cfg
#################################################################
Unsafe Shutdown Count: 15

System Info:

***python***
  version: (3, 9, 2, 'final', 0)
  version_string: 3.9.2 (default, Mar 12 2021, 04:06:34)  [GCC 10.2.1 20210110]

***cpu_info***
  cpu_count: 4
  bits: 32bit
  processor: armv7l
  cpu_desc: ARMv7 Processor rev 4 (v7l)
  serial_number: 1fdc2c7d
  hardware_desc: BCM2835
  model: Raspberry Pi 3 Model B Rev 1.2
  total_memory: 858832
  memory_units: kB

***sd_info***
  manufacturer_id: 03
  manufacturer: Sandisk
  oem_id: 5344
  product_name: SC16G
  product_revision: 8.0
  serial_number: 6146366b
  manufacturer_date: 9/2017
  capacity: 14.8 GiB
  total_bytes: 15931539456

***distribution***
  name: Raspbian GNU/Linux 11 (bullseye)
  id: raspbian
  version: 11
  version_parts: {'major': '11', 'minor': '', 'build_number': ''}
  like: debian
  codename: bullseye
  release_info: {}

***virtualization***
  virt_type: none
  virt_identifier: none

***network***

***canbus***

***Allowed Services***
  klipper_mcu
  webcamd
  MoonCord
  KlipperScreen
  moonraker-telegram-bot
  moonraker-obico
  sonar
  crowsnest
  octoeverywhere
  ratos-configurator

Systemd unit moonraker.service:
unit_name: moonraker.service
is_default: True
manager: systemd
Properties:
**Requires=['network-online.target', 'sysinit.target', 'system.slice', '-.mount']
**After=['network-online.target', 'sysinit.target', 'system.slice', 'systemd-journald.socket', 'basic.target', '-.mount']
**SupplementaryGroups=['moonraker-admin']
**EnvironmentFiles=/home/pi/printer_data/systemd/moonraker.env
**ExecStart=/home/pi/moonraker-env/bin/python $MOONRAKER_ARGS
**WorkingDirectory=/home/pi/moonraker
**FragmentPath=/etc/systemd/system/moonraker.service
**Description=API Server for Klipper SV1
**User=pi

Systemd unit klipper.service:
unit_name: klipper.service
is_default: True
manager: systemd
Properties:
**Requires=['-.mount', 'sysinit.target', 'system.slice']
**After=['network-online.target', 'sysinit.target', 'system.slice', 'systemd-journald.socket', 'basic.target', '-.mount']
**SupplementaryGroups=[]
**EnvironmentFiles=/home/pi/printer_data/systemd/klipper.env
**ExecStart=/home/pi/klippy-env/bin/python $KLIPPER_ARGS
**WorkingDirectory=/home/pi/klipper
**FragmentPath=/etc/systemd/system/klipper.service
**Description=Klipper 3D Printer Firmware SV1
**User=pi
Git Repo moonraker: No warnings detected
Git Repo klipper: Warnings detected:
  Repo has untracked source files: ['klippy/extras/gcode_shell_command.py']
Git Repo mainsail-config: No warnings detected
Git Repo octoeverywhere: No warnings detected
Git Repo crowsnest: No warnings detected
Git Repo Klipper-Adaptive-Meshing-Purging: No warnings detected
Klipper Version: v0.12.0-37-g547bfbf8-dirty
2023-12-27 00:43:16,959 [common.py:build_error()] - JSON-RPC Request Error - Requested Method: server.database.get_item, Code: -32601, Message: Namespace 'webcams' not found
2023-12-27 00:43:23,324 [authorization.py:_prune_conn_handler()] - Trusted Connection Expired, IP: 192.168.2.251
2023-12-27 01:43:43,774 [common.py:build_error()] - JSON-RPC Request Error - Requested Method: server.database.get_item, Code: -32601, Message: Namespace 'webcams' not found
2023-12-27 02:44:10,118 [common.py:build_error()] - JSON-RPC Request Error - Requested Method: server.database.get_item, Code: -32601, Message: Namespace 'webcams' not found
2023-12-27 03:30:50,756 [authorization.py:_check_trusted_connection()] - Trusted Connection Detected, IP: 192.168.2.251
2023-12-27 03:30:50,760 [app.py:log_request()] - 101 GET /websocket (192.168.2.251) [_TRUSTED_USER_] 9.11ms
2023-12-27 03:30:50,763 [websockets.py:open()] - Websocket Opened: ID: 1727916592, Proxied: True, User Agent: Mozilla/5.0 (Macintosh; Intel Mac OS X 10_15_7) AppleWebKit/605.1.15 (KHTML, like Gecko) Version/17.2.1 Safari/605.1.15, Host Name: 192.168.2.180
2023-12-27 03:30:50,776 [app.py:log_request()] - 101 GET /websocket (192.168.2.251) [_TRUSTED_USER_] 6.11ms
2023-12-27 03:30:50,777 [websockets.py:open()] - Websocket Opened: ID: 1727934224, Proxied: True, User Agent: Mozilla/5.0 (Macintosh; Intel Mac OS X 10_15_7) AppleWebKit/605.1.15 (KHTML, like Gecko) Version/17.2.1 Safari/605.1.15, Host Name: 192.168.2.180
2023-12-27 03:30:50,835 [websockets.py:_handle_identify()] - Websocket 1727916592 Client Identified - Name: OctoEverywhere-BrowserAgent, Version: 1.0.0, Type: web
2023-12-27 03:30:50,836 [websockets.py:_handle_identify()] - Websocket 1727934224 Client Identified - Name: mainsail, Version: 2.9.0, Type: web
2023-12-27 03:30:55,980 [websockets.py:on_close()] - Websocket Closed: ID: 1727934224 Close Code: 1001, Close Reason: None, Pong Time Elapsed: 5.21
2023-12-27 03:30:55,984 [websockets.py:on_close()] - Websocket Closed: ID: 1727916592 Close Code: 1001, Close Reason: None, Pong Time Elapsed: 5.23
2023-12-27 03:44:37,669 [common.py:build_error()] - JSON-RPC Request Error - Requested Method: server.database.get_item, Code: -32601, Message: Namespace 'webcams' not found
2023-12-27 04:33:23,381 [authorization.py:_prune_conn_handler()] - Trusted Connection Expired, IP: 192.168.2.251
2023-12-27 04:45:04,830 [common.py:build_error()] - JSON-RPC Request Error - Requested Method: server.database.get_item, Code: -32601, Message: Namespace 'webcams' not found
2023-12-27 05:45:30,961 [common.py:build_error()] - JSON-RPC Request Error - Requested Method: server.database.get_item, Code: -32601, Message: Namespace 'webcams' not found
2023-12-27 15:09:24,933 [authorization.py:_check_trusted_connection()] - Trusted Connection Detected, IP: 192.168.2.251
2023-12-27 15:09:24,938 [app.py:log_request()] - 101 GET /websocket (192.168.2.251) [_TRUSTED_USER_] 9.08ms
2023-12-27 15:09:24,940 [websockets.py:open()] - Websocket Opened: ID: 1727917912, Proxied: True, User Agent: Mozilla/5.0 (Macintosh; Intel Mac OS X 10_15_7) AppleWebKit/605.1.15 (KHTML, like Gecko) Version/17.2.1 Safari/605.1.15, Host Name: 192.168.2.180
2023-12-27 15:09:24,971 [app.py:log_request()] - 101 GET /websocket (192.168.2.251) [_TRUSTED_USER_] 6.93ms
2023-12-27 15:09:24,972 [websockets.py:open()] - Websocket Opened: ID: 1727916232, Proxied: True, User Agent: Mozilla/5.0 (Macintosh; Intel Mac OS X 10_15_7) AppleWebKit/605.1.15 (KHTML, like Gecko) Version/17.2.1 Safari/605.1.15, Host Name: 192.168.2.180
2023-12-27 15:09:25,039 [websockets.py:_handle_identify()] - Websocket 1727917912 Client Identified - Name: OctoEverywhere-BrowserAgent, Version: 1.0.0, Type: web
2023-12-27 15:09:25,043 [websockets.py:_handle_identify()] - Websocket 1727916232 Client Identified - Name: mainsail, Version: 2.9.0, Type: web
2023-12-27 15:09:54,788 [app.py:prepare()] - Upload Request Received from 192.168.2.251
Content-Type: multipart/form-data; boundary=----WebKitFormBoundary0LFEF3xKuHjkuHte
2023-12-27 15:09:54,816 [app.py:post()] - Processing Uploaded File: printer.cfg
2023-12-27 15:09:54,832 [app.py:log_request()] - 201 POST /server/files/upload (192.168.2.251) [_TRUSTED_USER_] 47.45ms
2023-12-27 15:09:55,888 [klippy_connection.py:_on_connection_closed()] - Klippy Connection Removed
2023-12-27 15:09:55,898 [websockets.py:on_close()] - Websocket Closed: ID: 1746446344 Close Code: 1000, Close Reason: None, Pong Time Elapsed: 5.30
2023-12-27 15:09:57,152 [klippy_connection.py:_do_connect()] - Klippy Connection Established
2023-12-27 15:09:57,916 [authorization.py:_check_trusted_connection()] - Trusted Connection Detected, IP: 127.0.0.1
2023-12-27 15:09:57,919 [app.py:log_request()] - 101 GET /websocket (127.0.0.1) [_TRUSTED_USER_] 4.38ms
2023-12-27 15:09:57,919 [websockets.py:open()] - Websocket Opened: ID: 1746737328, Proxied: False, User Agent: , Host Name: 0.0.0.0
2023-12-27 15:09:57,927 [websockets.py:_handle_identify()] - Websocket 1746737328 Client Identified - Name: OctoEverywhere, Version: 2.10.5, Type: agent
2023-12-27 15:09:57,946 [common.py:build_error()] - JSON-RPC Request Error - Requested Method: server.database.get_item, Code: -32601, Message: Namespace 'webcams' not found
2023-12-27 15:10:01,503 [klippy_connection.py:_request_initial_subscriptions()] - Webhooks Subscribed
2023-12-27 15:10:01,505 [klippy_connection.py:_request_initial_subscriptions()] - GCode Output Subscribed
2023-12-27 15:10:01,754 [job_state.py:_handle_started()] - Job state initialized: standby
2023-12-27 15:10:02,022 [klippy_connection.py:_check_ready()] - Klippy ready
2023-12-27 15:10:02,796 [data_store.py:_init_sensors()] - Configuring available sensors: ['heater_bed', 'extruder']
2023-12-27 15:10:25,080 [klippy_connection.py:_on_connection_closed()] - Klippy Connection Removed
2023-12-27 15:10:25,090 [websockets.py:on_close()] - Websocket Closed: ID: 1746737328 Close Code: 1000, Close Reason: None, Pong Time Elapsed: 7.17
2023-12-27 15:10:26,345 [klippy_connection.py:_do_connect()] - Klippy Connection Established
2023-12-27 15:10:27,109 [app.py:log_request()] - 101 GET /websocket (127.0.0.1) [_TRUSTED_USER_] 3.35ms
2023-12-27 15:10:27,110 [websockets.py:open()] - Websocket Opened: ID: 1727967088, Proxied: False, User Agent: , Host Name: 0.0.0.0
2023-12-27 15:10:27,121 [websockets.py:_handle_identify()] - Websocket 1727967088 Client Identified - Name: OctoEverywhere, Version: 2.10.5, Type: agent
2023-12-27 15:10:30,666 [klippy_connection.py:_request_initial_subscriptions()] - Webhooks Subscribed
2023-12-27 15:10:30,670 [klippy_connection.py:_request_initial_subscriptions()] - GCode Output Subscribed
2023-12-27 15:10:30,918 [job_state.py:_handle_started()] - Job state initialized: standby
2023-12-27 15:10:31,200 [klippy_connection.py:_check_ready()] - Klippy ready
2023-12-27 15:10:32,193 [data_store.py:_init_sensors()] - Configuring available sensors: ['heater_bed', 'extruder']
2023-12-27 15:10:47,592 [app.py:prepare()] - Upload Request Received from 192.168.2.251
Content-Type: multipart/form-data; boundary=----WebKitFormBoundaryChGB8CbkuWpASavk
2023-12-27 15:10:47,624 [app.py:post()] - Processing Uploaded File: printer.cfg
2023-12-27 15:10:47,642 [app.py:log_request()] - 201 POST /server/files/upload (192.168.2.251) [_TRUSTED_USER_] 52.67ms
2023-12-27 15:10:48,693 [klippy_connection.py:_on_connection_closed()] - Klippy Connection Removed
2023-12-27 15:10:48,705 [websockets.py:on_close()] - Websocket Closed: ID: 1727967088 Close Code: 1000, Close Reason: None, Pong Time Elapsed: 1.59
2023-12-27 15:10:49,957 [klippy_connection.py:_do_connect()] - Klippy Connection Established
2023-12-27 15:10:50,734 [app.py:log_request()] - 101 GET /websocket (127.0.0.1) [_TRUSTED_USER_] 3.21ms
2023-12-27 15:10:50,735 [websockets.py:open()] - Websocket Opened: ID: 1727966896, Proxied: False, User Agent: , Host Name: 0.0.0.0
2023-12-27 15:10:50,743 [websockets.py:_handle_identify()] - Websocket 1727966896 Client Identified - Name: OctoEverywhere, Version: 2.10.5, Type: agent
2023-12-27 15:10:51,961 [klippy_connection.py:_request_initial_subscriptions()] - Webhooks Subscribed
2023-12-27 15:10:51,963 [klippy_connection.py:_request_initial_subscriptions()] - GCode Output Subscribed
2023-12-27 15:10:51,967 [klippy_connection.py:_check_ready()] - 
Option 'z_offset' in section 'bltouch' must be specified

Once the underlying issue is corrected, use the "RESTART"
command to reload the config and restart the host software.
Printer is halted

2023-12-27 15:11:03,699 [app.py:prepare()] - Upload Request Received from 192.168.2.251
Content-Type: multipart/form-data; boundary=----WebKitFormBoundaryBEAyBebgjAfuqj4B
2023-12-27 15:11:03,729 [app.py:post()] - Processing Uploaded File: printer.cfg
2023-12-27 15:11:03,748 [app.py:log_request()] - 201 POST /server/files/upload (192.168.2.251) [_TRUSTED_USER_] 51.30ms
2023-12-27 15:11:04,076 [klippy_connection.py:_on_connection_closed()] - Klippy Connection Removed
2023-12-27 15:11:04,082 [websockets.py:on_close()] - Websocket Closed: ID: 1727966896 Close Code: 1000, Close Reason: None, Pong Time Elapsed: 3.34
2023-12-27 15:11:05,341 [klippy_connection.py:_do_connect()] - Klippy Connection Established
2023-12-27 15:11:06,103 [app.py:log_request()] - 101 GET /websocket (127.0.0.1) [_TRUSTED_USER_] 7.61ms
2023-12-27 15:11:06,104 [websockets.py:open()] - Websocket Opened: ID: 1746444616, Proxied: False, User Agent: , Host Name: 0.0.0.0
2023-12-27 15:11:06,111 [websockets.py:_handle_identify()] - Websocket 1746444616 Client Identified - Name: OctoEverywhere, Version: 2.10.5, Type: agent
2023-12-27 15:11:09,665 [klippy_connection.py:_request_initial_subscriptions()] - Webhooks Subscribed
2023-12-27 15:11:09,667 [klippy_connection.py:_request_initial_subscriptions()] - GCode Output Subscribed
2023-12-27 15:11:09,916 [job_state.py:_handle_started()] - Job state initialized: standby
2023-12-27 15:11:10,184 [klippy_connection.py:_check_ready()] - Klippy ready
2023-12-27 15:11:10,679 [data_store.py:_init_sensors()] - Configuring available sensors: ['heater_bed', 'extruder']
